<?xml version="1.0" encoding="UTF-8"?>
<!-- Generated by org.testng.reporters.JUnitReportReporter -->
<testsuite skipped="0" hostname="udemycourse" name="tests.ContactUsTest" tests="1" failures="0" timestamp="19 Nov 2018 21:22:12 GMT" time="1.905" errors="0">
  <testcase name="UserCanUseContactUs" time="1.905" classname="tests.ContactUsTest"/>
</testsuite> <!-- tests.ContactUsTest -->
