<?xml version="1.0" encoding="UTF-8"?>
<!-- Generated by org.testng.reporters.JUnitReportReporter -->
<testsuite skipped="0" hostname="udemycourse" name="tests.UserRegistrationTestWithJavaFaker" tests="3" failures="0" timestamp="19 Nov 2018 21:22:12 GMT" time="4.617" errors="0">
  <testcase name="RegisteredUserCanLogout" time="0.833" classname="tests.UserRegistrationTestWithJavaFaker"/>
  <testcase name="RegisteredUserCanLogin" time="1.566" classname="tests.UserRegistrationTestWithJavaFaker"/>
  <testcase name="UserCanRegisterSuccssfully" time="2.218" classname="tests.UserRegistrationTestWithJavaFaker"/>
</testsuite> <!-- tests.UserRegistrationTestWithJavaFaker -->
