<?xml version="1.0" encoding="UTF-8"?>
<!-- Generated by org.testng.reporters.JUnitReportReporter -->
<testsuite skipped="0" hostname="udemycourse" name="tests.ProductHoverMenuTest" tests="1" failures="0" timestamp="19 Nov 2018 21:22:12 GMT" time="0.910" errors="0">
  <testcase name="UserCanSelectSubCategoryFromMainMenu" time="0.910" classname="tests.ProductHoverMenuTest"/>
</testsuite> <!-- tests.ProductHoverMenuTest -->
